<?xml version="1.0" encoding="UTF-8"?>
<!-- Generated by org.testng.reporters.JUnitXMLReporter -->
<testsuite ignored="6" hostname="LAPTOP-NO0KCPB3" failures="1" tests="4" name="Test1" time="62.585" errors="0" timestamp="2024-02-22T19:49:23 IST">
  <testcase classname="testCases.QALegendTestCases" name="addAnnouncements" time="6.78"/>
  <testcase classname="testCases.QALegendTestCases" name="addInvoice" time="8.722"/>
  <testcase classname="testCases.QALegendTestCases" name="addTickets" time="8.669">
    <failure type="java.lang.AssertionError" message="expected:&amp;lt;73&amp;gt; but was:&amp;lt;74&amp;gt;">
      <![CDATA[java.lang.AssertionError: expected:<73> but was:<74>
at testCases.QALegendTestCases.addTickets(QALegendTestCases.java:329)
at java.base/java.util.ArrayList.forEach(ArrayList.java:1511)
at java.base/java.util.concurrent.FutureTask.run(FutureTask.java:264)
at java.base/java.util.concurrent.ThreadPoolExecutor.runWorker(ThreadPoolExecutor.java:1136)
at java.base/java.util.concurrent.ThreadPoolExecutor$Worker.run(ThreadPoolExecutor.java:635)
at java.base/java.lang.Thread.run(Thread.java:833)
... Removed 19 stack frames]]>
    </failure>
  </testcase> <!-- addTickets -->
  <testcase classname="testCases.QALegendTestCases" name="applyLeave" time="4.832"/>
  <testcase classname="testCases.QALegendTestCases" name="notesPageCRM" time="0.0">
    <ignored/>
  </testcase> <!-- notesPageCRM -->
  <testcase classname="testCases.QALegendTestCases" name="addTask" time="0.0">
    <ignored/>
  </testcase> <!-- addTask -->
  <testcase classname="testCases.QALegendTestCases" name="addTeamMembers" time="0.0">
    <ignored/>
  </testcase> <!-- addTeamMembers -->
  <testcase classname="testCases.QALegendTestCases" name="messageInCRM" time="0.0">
    <ignored/>
  </testcase> <!-- messageInCRM -->
  <testcase classname="testCases.QALegendTestCases" name="clockInClockOut" time="0.0">
    <ignored/>
  </testcase> <!-- clockInClockOut -->
  <testcase classname="testCases.QALegendTestCases" name="loginCRM" time="0.0">
    <ignored/>
  </testcase> <!-- loginCRM -->
</testsuite> <!-- Test1 -->
