<?xml version="1.0" encoding="UTF-8"?>
<!-- Generated by org.testng.reporters.JUnitXMLReporter -->
<testsuite ignored="6" hostname="LAPTOP-NO0KCPB3" failures="0" tests="4" name="Test2" time="64.818" errors="0" timestamp="2024-02-22T19:49:25 IST">
  <testcase classname="testCases.QALegendTestCases" name="addAnnouncements" time="6.661"/>
  <testcase classname="testCases.QALegendTestCases" name="addInvoice" time="6.44"/>
  <testcase classname="testCases.QALegendTestCases" name="addTickets" time="7.788"/>
  <testcase classname="testCases.QALegendTestCases" name="applyLeave" time="4.496"/>
  <testcase classname="testCases.QALegendTestCases" name="addTask" time="0.0">
    <ignored/>
  </testcase> <!-- addTask -->
  <testcase classname="testCases.QALegendTestCases" name="messageInCRM" time="0.0">
    <ignored/>
  </testcase> <!-- messageInCRM -->
  <testcase classname="testCases.QALegendTestCases" name="clockInClockOut" time="0.0">
    <ignored/>
  </testcase> <!-- clockInClockOut -->
  <testcase classname="testCases.QALegendTestCases" name="loginCRM" time="0.0">
    <ignored/>
  </testcase> <!-- loginCRM -->
  <testcase classname="testCases.QALegendTestCases" name="notesPageCRM" time="0.0">
    <ignored/>
  </testcase> <!-- notesPageCRM -->
  <testcase classname="testCases.QALegendTestCases" name="addTeamMembers" time="0.0">
    <ignored/>
  </testcase> <!-- addTeamMembers -->
</testsuite> <!-- Test2 -->
