<?xml version="1.0" encoding="UTF-8"?>
<!-- Generated by org.testng.reporters.JUnitXMLReporter -->
<testsuite ignored="9" hostname="LAPTOP-NO0KCPB3" failures="0" tests="1" name="Test" time="14.561" errors="0" timestamp="2024-02-10T15:19:51 IST">
  <testcase classname="testCases.QALegendTestCases" name="loginCRM" time="4.148"/>
  <testcase classname="testCases.QALegendTestCases" name="clockInClockOut" time="0.0">
    <ignored/>
  </testcase> <!-- clockInClockOut -->
  <testcase classname="testCases.QALegendTestCases" name="addTeamMembers" time="0.0">
    <ignored/>
  </testcase> <!-- addTeamMembers -->
  <testcase classname="testCases.QALegendTestCases" name="applyLeave" time="0.0">
    <ignored/>
  </testcase> <!-- applyLeave -->
  <testcase classname="testCases.QALegendTestCases" name="messageInCRM" time="0.0">
    <ignored/>
  </testcase> <!-- messageInCRM -->
  <testcase classname="testCases.QALegendTestCases" name="addTask" time="0.0">
    <ignored/>
  </testcase> <!-- addTask -->
  <testcase classname="testCases.QALegendTestCases" name="addInvoice" time="0.0">
    <ignored/>
  </testcase> <!-- addInvoice -->
  <testcase classname="testCases.QALegendTestCases" name="notesPageCRM" time="0.0">
    <ignored/>
  </testcase> <!-- notesPageCRM -->
  <testcase classname="testCases.QALegendTestCases" name="addAnnouncements" time="0.0">
    <ignored/>
  </testcase> <!-- addAnnouncements -->
  <testcase classname="testCases.QALegendTestCases" name="addTickets" time="0.0">
    <ignored/>
  </testcase> <!-- addTickets -->
</testsuite> <!-- Test -->
